[2018-05-14T16:35:54.200] [INFO] default - 
[2018-05-14T16:36:15.517] [INFO] default - 
[2018-05-14T16:37:41.909] [INFO] default - Listening at http://localhost:3000/
[2018-05-14T16:37:54.092] [INFO] default - Listening at http://localhost:3000/
[2018-05-14T16:39:39.950] [INFO] default - Listening at http://localhost:3000/
[2018-05-14T16:39:51.523] [INFO] default - Listening at http://localhost:3000/
[2018-05-14T16:45:20.368] [INFO] default - Listening at http://localhost:3000/
[2018-05-14T16:46:36.362] [INFO] default - Listening at http://localhost:3000/
[2018-05-14T16:46:44.005] [INFO] default - Listening at http://localhost:3000/
[2018-05-14T16:48:34.430] [INFO] default - Listening at http://localhost:3000/
[2018-05-14T16:49:56.699] [INFO] default - Listening at http://localhost:3000/
[2018-05-14T16:52:27.757] [INFO] default - Listening at http://localhost:3000/
[2018-05-14T16:53:23.426] [INFO] default - Listening at http://localhost:3000/
[2018-05-14T16:54:03.716] [INFO] default - Listening at http://localhost:3000/
[2018-05-14T17:05:50.069] [INFO] default - Listening at http://localhost:3000/
[2018-05-14T17:07:29.420] [INFO] default - Listening at http://localhost:3000/
[2018-05-14T17:07:39.934] [INFO] default - Listening at http://localhost:3000/
[2018-05-14T17:08:51.743] [INFO] default - Listening at http://localhost:3000/
[2018-05-14T17:12:17.045] [INFO] default - Listening at http://localhost:3000/
[2018-05-14T17:22:02.790] [INFO] default - Listening at http://localhost:3000/
[2018-05-14T17:25:02.863] [INFO] default - Listening at http://localhost:3000/
[2018-05-14T17:25:07.323] [INFO] default - Listening at http://localhost:3000/
[2018-05-14T17:25:41.432] [INFO] default - Listening at http://localhost:3000/
[2018-05-14T17:25:43.128] [INFO] default - Listening at http://localhost:3000/
[2018-05-14T17:27:13.057] [INFO] default - Listening at http://localhost:3000/
[2018-05-14T17:30:04.097] [INFO] default - Listening at http://localhost:3000/
[2018-05-14T17:30:16.616] [INFO] default - Listening at http://localhost:3000/
[2018-05-14T17:30:29.195] [INFO] default - Listening at http://localhost:3000/
[2018-05-14T17:31:31.729] [INFO] default - Listening at http://localhost:3000/
[2018-05-14T17:33:31.555] [INFO] default - Listening at http://localhost:3000/
[2018-05-14T17:33:35.786] [INFO] default - Listening at http://localhost:3000/
[2018-05-14T17:34:00.559] [INFO] default - Listening at http://localhost:3000/
[2018-05-14T17:41:35.174] [INFO] default - Listening at http://localhost:3000/
[2018-05-14T17:41:42.488] [INFO] default - Listening at http://localhost:3000/
[2018-05-14T17:42:30.133] [INFO] default - Listening at http://localhost:3000/
[2018-05-14T17:42:49.682] [INFO] default - Listening at http://localhost:3000/
[2018-05-14T17:44:01.096] [INFO] default - Listening at http://localhost:3000/
[2018-05-14T17:44:23.276] [INFO] default - Listening at http://localhost:3000/
[2018-05-14T17:47:01.000] [INFO] default - Listening at http://localhost:3000/
[2018-05-14T17:47:19.080] [INFO] default - Listening at http://localhost:3000/
[2018-05-14T17:47:29.399] [INFO] default - Listening at http://localhost:3000/
[2018-05-14T17:47:40.866] [INFO] default - Listening at http://localhost:3000/
[2018-05-14T17:49:04.290] [INFO] default - Listening at http://localhost:3000/
[2018-05-14T17:49:24.332] [INFO] default - Listening at http://localhost:3000/
[2018-05-14T17:49:56.701] [INFO] default - Listening at http://localhost:3000/
[2018-05-15T10:00:04.826] [INFO] default - Listening at http://localhost:3000/
[2018-05-15T10:07:52.306] [INFO] default - Listening at http://localhost:3000/
[2018-05-15T10:09:41.397] [INFO] default - Listening at http://localhost:3000/
[2018-05-15T10:10:34.798] [INFO] default - Listening at http://localhost:3000/
[2018-05-15T10:11:24.043] [INFO] default - Listening at http://localhost:3000/
[2018-05-15T10:13:03.944] [INFO] default - Listening at http://localhost:3000/
[2018-05-15T10:13:10.125] [INFO] default - Listening at http://localhost:3000/
[2018-05-15T10:13:16.236] [INFO] default - Listening at http://localhost:3000/
[2018-05-15T10:13:23.942] [INFO] default - Listening at http://localhost:3000/
[2018-05-15T10:13:33.386] [INFO] default - Listening at http://localhost:3000/
[2018-05-15T10:13:58.876] [INFO] default - Listening at http://localhost:3000/
[2018-05-15T10:21:07.508] [INFO] default - Listening at http://localhost:3000/
[2018-05-15T10:25:42.689] [INFO] default - Listening at http://localhost:3000/
[2018-05-15T10:28:04.176] [INFO] default - Listening at http://localhost:3000/
[2018-05-15T10:28:11.148] [INFO] default - Listening at http://localhost:3000/
[2018-05-15T10:28:32.575] [INFO] default - Listening at http://localhost:3000/
[2018-05-15T10:31:56.987] [INFO] default - Listening at http://localhost:3000/
[2018-05-15T10:43:38.390] [INFO] default - Listening at http://localhost:3000/
[2018-05-15T10:44:02.728] [INFO] default - Listening at http://localhost:3000/
[2018-05-15T10:44:12.105] [INFO] default - Listening at http://localhost:3000/
[2018-05-15T10:44:45.310] [INFO] default - Listening at http://localhost:3000/
[2018-05-15T10:46:14.729] [INFO] default - Listening at http://localhost:3000/
[2018-05-15T10:46:53.552] [INFO] default - Listening at http://localhost:3000/
[2018-05-15T10:53:12.910] [INFO] default - Listening at http://localhost:3000/
[2018-05-15T10:55:01.626] [INFO] default - Listening at http://localhost:3000/
[2018-05-15T10:55:22.641] [INFO] default - Listening at http://localhost:3000/
[2018-05-15T10:55:40.943] [INFO] default - Listening at http://localhost:3000/
[2018-05-15T10:55:48.841] [INFO] default - Listening at http://localhost:3000/
[2018-05-15T10:57:37.951] [INFO] default - Listening at http://localhost:3000/
[2018-05-15T10:57:58.988] [INFO] default - Listening at http://localhost:3000/
[2018-05-15T10:58:09.120] [INFO] default - Listening at http://localhost:3000/
[2018-05-15T10:58:46.303] [INFO] default - Listening at http://localhost:3000/
[2018-05-15T10:59:46.673] [INFO] default - Listening at http://localhost:3000/
[2018-05-15T10:59:50.961] [INFO] default - Listening at http://localhost:3000/
[2018-05-15T11:02:01.696] [INFO] default - Listening at http://localhost:3000/
[2018-05-15T11:03:47.973] [INFO] default - Listening at http://localhost:3000/
[2018-05-15T11:07:47.015] [INFO] default - Listening at http://localhost:3000/
[2018-05-15T11:08:21.400] [INFO] default - Listening at http://localhost:3000/
[2018-05-15T11:08:24.030] [INFO] default - Listening at http://localhost:3000/
[2018-05-15T11:09:02.913] [INFO] default - Listening at http://localhost:3000/
[2018-05-15T11:10:00.361] [INFO] default - Listening at http://localhost:3000/
[2018-05-15T11:10:16.918] [INFO] default - Listening at http://localhost:3000/
[2018-05-15T11:10:24.373] [INFO] default - Listening at http://localhost:3000/
[2018-05-15T11:10:48.620] [INFO] default - Listening at http://localhost:3000/
[2018-05-15T11:11:09.678] [INFO] default - Listening at http://localhost:3000/
[2018-05-15T11:11:14.697] [INFO] default - Listening at http://localhost:3000/
[2018-05-15T11:11:49.381] [INFO] default - Listening at http://localhost:3000/
[2018-05-15T11:13:06.140] [INFO] default - Listening at http://localhost:3000/
[2018-05-15T11:14:43.026] [INFO] default - Listening at http://localhost:3000/
[2018-05-15T11:15:10.224] [INFO] default - Listening at http://localhost:3000/
[2018-05-15T11:15:12.795] [INFO] default - Listening at http://localhost:3000/
[2018-05-15T11:15:30.812] [INFO] default - Listening at http://localhost:3000/
[2018-05-15T11:34:10.980] [INFO] default - Listening at http://localhost:3000/
[2018-05-15T11:36:25.691] [INFO] default - Listening at http://localhost:3000/
[2018-05-15T11:36:33.228] [INFO] default - Listening at http://localhost:3000/
[2018-05-15T11:36:39.502] [INFO] default - Listening at http://localhost:3000/
[2018-05-15T11:36:50.627] [INFO] default - Listening at http://localhost:3000/
[2018-05-15T11:37:50.123] [INFO] default - Listening at http://localhost:3000/
[2018-05-15T11:37:56.577] [INFO] default - Listening at http://localhost:3000/
[2018-05-15T11:38:26.396] [INFO] default - Listening at http://localhost:3000/
[2018-05-15T11:40:11.001] [INFO] default - Listening at http://localhost:3000/
[2018-05-15T11:40:38.446] [INFO] default - Listening at http://localhost:3000/
[2018-05-15T11:40:46.036] [INFO] default - Listening at http://localhost:3000/
[2018-05-15T11:44:31.082] [INFO] default - Listening at http://localhost:3000/
[2018-05-15T11:45:16.430] [INFO] default - Listening at http://localhost:3000/
[2018-05-15T11:45:30.649] [INFO] default - Listening at http://localhost:3000/
[2018-05-15T11:46:12.109] [INFO] default - Listening at http://localhost:3000/
[2018-05-15T11:46:56.263] [INFO] default - Listening at http://localhost:3000/
[2018-05-15T11:47:34.146] [INFO] default - Listening at http://localhost:3000/
[2018-05-15T11:48:07.452] [INFO] default - Listening at http://localhost:3000/
[2018-05-15T11:55:28.001] [INFO] default - Listening at http://localhost:3000/
[2018-05-15T12:01:00.396] [INFO] default - Listening at http://localhost:3000/
[2018-05-15T12:01:10.634] [INFO] default - Listening at http://localhost:3000/
[2018-05-15T12:04:10.669] [INFO] default - Listening at http://localhost:3000/
[2018-05-15T12:04:46.546] [INFO] default - Listening at http://localhost:3000/
[2018-05-15T12:05:50.314] [INFO] default - Listening at http://localhost:3000/
[2018-05-15T12:39:09.677] [INFO] default - Listening at http://localhost:3000/
[2018-05-15T13:07:39.434] [INFO] default - Listening at http://localhost:3000/
[2018-05-15T13:07:44.547] [INFO] default - Listening at http://localhost:3000/
[2018-05-15T13:08:32.428] [INFO] default - Listening at http://localhost:3000/
[2018-05-15T14:13:44.301] [INFO] default - Listening at http://localhost:3000/
[2018-05-15T14:14:39.428] [INFO] default - Listening at http://localhost:3000/
[2018-05-15T14:14:45.637] [INFO] default - Listening at http://localhost:3000/
[2018-05-15T14:15:01.060] [INFO] default - Listening at http://localhost:3000/
[2018-05-15T14:17:31.574] [INFO] default - Listening at http://localhost:3000/
[2018-05-15T14:17:51.660] [INFO] default - Listening at http://localhost:3000/
[2018-05-15T14:17:56.418] [INFO] default - Listening at http://localhost:3000/
[2018-05-15T14:19:18.205] [INFO] default - Listening at http://localhost:3000/
[2018-05-15T14:19:44.938] [INFO] default - Listening at http://localhost:3000/
[2018-05-15T14:24:36.723] [INFO] default - Listening at http://localhost:3000/
[2018-05-15T15:00:29.619] [INFO] default - Listening at http://localhost:3000/
[2018-05-15T15:06:16.869] [INFO] default - Listening at http://localhost:3000/
[2018-05-15T15:07:27.540] [INFO] default - Listening at http://localhost:3000/
[2018-05-15T15:07:49.492] [INFO] default - Listening at http://localhost:3000/
[2018-05-15T15:07:57.740] [INFO] default - Listening at http://localhost:3000/
[2018-05-15T15:08:51.551] [INFO] default - Listening at http://localhost:3000/
[2018-05-15T15:11:16.674] [INFO] default - Listening at http://localhost:3000/
[2018-05-15T15:11:59.913] [INFO] default - stdout: README.md
cheese.log
dist
logs
node_modules
nodemon.json
package-lock.json
package.json
public
src
tsconfig.json
views

[2018-05-15T15:11:59.914] [INFO] default - child process exited with code 0
[2018-05-15T15:21:54.833] [INFO] default - Listening at http://localhost:3000/
[2018-05-15T15:37:46.363] [INFO] default - Listening at http://localhost:3000/
[2018-05-15T15:37:55.717] [INFO] default - stdout: README.md
cheese.log
dist
logs
node_modules
nodemon.json
package-lock.json
package.json
public
src
tsconfig.json
views

[2018-05-15T15:37:55.719] [INFO] default - child process exited with code 0
[2018-05-15T15:38:02.998] [INFO] default - stderr: /bin/sh: pwdl: command not found

[2018-05-15T15:38:03.000] [INFO] default - child process exited with code 127
[2018-05-15T15:38:10.073] [INFO] default - stdout: /Users/0nza/Desktop/express-ts

[2018-05-15T15:38:10.074] [INFO] default - child process exited with code 0
[2018-05-15T15:38:53.230] [INFO] default - Listening at http://localhost:3000/
[2018-05-15T15:39:35.572] [INFO] default - Listening at http://localhost:3000/
[2018-05-15T15:39:43.318] [INFO] default - Listening at http://localhost:3000/
[2018-05-15T15:40:16.704] [INFO] default - Listening at http://localhost:3000/
[2018-05-15T15:40:28.950] [INFO] default - Listening at http://localhost:3000/
[2018-05-15T15:42:44.441] [INFO] default - Listening at http://localhost:3000/
[2018-05-15T15:43:22.416] [INFO] default - Listening at http://localhost:3000/
[2018-05-15T15:45:11.427] [INFO] default - Listening at http://localhost:3000/
[2018-05-15T15:46:46.233] [INFO] default - Listening at http://localhost:3000/
[2018-05-15T15:47:03.478] [INFO] default - Listening at http://localhost:3000/
[2018-05-15T15:53:10.724] [INFO] default - Listening at http://localhost:3000/
[2018-05-15T15:54:55.529] [INFO] default - Listening at http://localhost:3000/
[2018-05-15T16:00:02.724] [INFO] default - Listening at http://localhost:3000/
[2018-05-15T16:00:26.875] [INFO] default - Listening at http://localhost:3000/
[2018-05-15T16:00:44.462] [INFO] default - Listening at http://localhost:3000/
[2018-05-15T16:01:09.114] [INFO] default - Listening at http://localhost:3000/
[2018-05-15T16:01:13.941] [INFO] default - Listening at http://localhost:3000/
[2018-05-15T16:02:31.417] [INFO] default - Listening at http://localhost:3000/
[2018-05-15T16:02:35.387] [INFO] default - stdout: /Users/0nza/Desktop/express-ts

[2018-05-15T16:02:35.389] [INFO] default - child process exited with code 0
[2018-05-15T16:03:03.419] [INFO] default - Listening at http://localhost:3000/
[2018-05-15T16:04:22.891] [INFO] default - Listening at http://localhost:3000/
[2018-05-15T16:06:18.991] [INFO] default - Listening at http://localhost:3000/
[2018-05-15T16:06:42.328] [INFO] default - Listening at http://localhost:3000/
[2018-05-15T16:07:16.513] [INFO] default - Listening at http://localhost:3000/
[2018-05-15T16:08:43.066] [INFO] default - Listening at http://localhost:3000/
[2018-05-15T16:08:50.399] [INFO] default - Listening at http://localhost:3000/
[2018-05-15T16:12:58.208] [INFO] default - Listening at http://localhost:3000/
[2018-05-15T16:13:48.039] [INFO] default - Listening at http://localhost:3000/
[2018-05-15T16:14:03.360] [INFO] default - Listening at http://localhost:3000/
[2018-05-15T16:14:39.663] [INFO] default - Listening at http://localhost:3000/
[2018-05-15T16:15:30.798] [INFO] default - Listening at http://localhost:3000/
[2018-05-15T16:18:45.494] [INFO] default - Listening at http://localhost:3000/
[2018-05-15T16:19:18.430] [INFO] default - Listening at http://localhost:3000/
[2018-05-15T17:17:27.441] [INFO] default - Listening at http://localhost:3000/
[2018-05-15T17:19:05.509] [INFO] default - Listening at http://localhost:3000/
[2018-05-15T17:25:36.641] [INFO] default - Listening at http://localhost:3000/
[2018-05-15T17:26:19.092] [INFO] default - Listening at http://localhost:3000/
[2018-05-15T17:48:19.571] [INFO] default - Listening at http://localhost:3000/
[2018-05-15T17:50:10.472] [INFO] default - Listening at http://localhost:3000/
[2018-05-15T17:50:39.053] [INFO] default - Listening at http://localhost:3000/
[2018-05-15T17:53:35.581] [INFO] default - Listening at http://localhost:3000/
[2018-05-15T17:54:09.633] [INFO] default - Listening at http://localhost:3000/
[2018-05-15T17:55:31.871] [INFO] default - Listening at http://localhost:3000/
[2018-05-15T17:56:36.486] [INFO] default - Listening at http://localhost:3000/
[2018-05-15T17:57:26.131] [INFO] default - Listening at http://localhost:3000/
[2018-05-15T17:58:25.916] [INFO] default - Listening at http://localhost:3000/
[2018-05-15T17:59:16.361] [INFO] default - Listening at http://localhost:3000/
[2018-05-15T18:00:40.630] [INFO] default - Listening at http://localhost:3000/
[2018-05-15T18:05:53.173] [INFO] default - Listening at http://localhost:3000/
[2018-05-15T18:12:27.465] [INFO] default - Listening at http://localhost:3000/
[2018-05-15T18:12:32.896] [INFO] default - Listening at http://localhost:3000/
[2018-05-15T18:14:10.330] [INFO] default - Listening at http://localhost:3000/
[2018-05-15T18:14:29.640] [INFO] default - Listening at http://localhost:3000/
[2018-05-15T18:14:37.163] [INFO] default - Listening at http://localhost:3000/
[2018-05-15T18:15:42.162] [INFO] default - Listening at http://localhost:3000/
[2018-05-15T18:15:57.490] [INFO] default - Listening at http://localhost:3000/
[2018-05-15T18:17:07.197] [INFO] default - Listening at http://localhost:3000/
[2018-05-15T18:18:28.996] [INFO] default - Listening at http://localhost:3000/
[2018-05-15T18:19:00.480] [INFO] default - Listening at http://localhost:3000/
[2018-05-15T18:21:38.479] [INFO] default - Listening at http://localhost:3000/
[2018-05-15T18:25:09.345] [INFO] default - Listening at http://localhost:3000/
[2018-05-15T18:25:15.308] [INFO] default - Listening at http://localhost:3000/
[2018-05-15T18:25:42.996] [INFO] default - Listening at http://localhost:3000/
[2018-05-15T18:26:16.651] [INFO] default - Listening at http://localhost:3000/
[2018-05-15T18:26:29.137] [INFO] default - Listening at http://localhost:3000/
[2018-05-15T18:27:16.028] [INFO] default - Listening at http://localhost:3000/
[2018-05-15T18:29:13.190] [INFO] default - Listening at http://localhost:3000/
[2018-05-15T18:29:19.272] [INFO] default - Listening at http://localhost:3000/
[2018-05-15T18:29:25.896] [INFO] default - Listening at http://localhost:3000/
[2018-05-15T18:29:31.028] [INFO] default - Listening at http://localhost:3000/
[2018-05-15T18:29:35.597] [INFO] default - Listening at http://localhost:3000/
[2018-05-15T18:30:52.623] [INFO] default - Listening at http://localhost:3000/
